<?xml version="1.0" encoding="UTF-8"?>
<testng-results skipped="0" failed="0" ignored="0" total="1" passed="1">
  <reporter-output>
  </reporter-output>
  <suite name="Default suite" duration-ms="4826" started-at="2022-01-01T11:34:12 CST" finished-at="2022-01-01T11:34:17 CST">
    <groups>
    </groups>
    <test name="Default test" duration-ms="4826" started-at="2022-01-01T11:34:12 CST" finished-at="2022-01-01T11:34:17 CST">
      <class name="testCases.PUT_Or_Update_A_Product">
        <test-method status="PASS" signature="update_A_Product()[pri:0, instance:testCases.PUT_Or_Update_A_Product@78e67e0a]" name="update_A_Product" duration-ms="4758" started-at="2022-01-01T11:34:12 CST" finished-at="2022-01-01T11:34:17 CST">
          <reporter-output>
          </reporter-output>
        </test-method> <!-- update_A_Product -->
      </class> <!-- testCases.PUT_Or_Update_A_Product -->
    </test> <!-- Default test -->
  </suite> <!-- Default suite -->
</testng-results>
